# JRE version: Java(TM) SE Runtime Environment (8.0_261-b12) (build 1.8.0_261-b12)
# Java VM: Java HotSpot(TM) 64-Bit Server VM (25.261-b12 mixed mode linux-amd64 compressed oops)
Heap:
 PSYoungGen      total 189440K, used 0K [0x00000000eab00000, 0x00000000f8f80000, 0x0000000100000000)
  eden space 144384K, 0% used [0x00000000eab00000,0x00000000eab00000,0x00000000f3800000)
  from space 45056K, 0% used [0x00000000f6380000,0x00000000f6380000,0x00000000f8f80000)
  to   space 44544K, 0% used [0x00000000f3800000,0x00000000f3800000,0x00000000f6380000)
 ParOldGen       total 130048K, used 108285K [0x00000000c0000000, 0x00000000c7f00000, 0x00000000eab00000)
  object space 130048K, 83% used [0x00000000c0000000,0x00000000c69bf458,0x00000000c7f00000)
 Metaspace       used 44280K, capacity 44484K, committed 44800K, reserved 1087488K
  class space    used 6514K, capacity 6610K, committed 6656K, reserved 1048576K
GC Heap History (10 events):
Event: 7.952 GC heap after
Heap after GC invocations=11 (full 2):
 PSYoungGen      total 137728K, used 13808K [0x00000000eab00000, 0x00000000f6e00000, 0x0000000100000000)
  eden space 123904K, 0% used [0x00000000eab00000,0x00000000eab00000,0x00000000f2400000)
  from space 13824K, 99% used [0x00000000f2400000,0x00000000f317c030,0x00000000f3180000)
  to   space 34304K, 0% used [0x00000000f4c80000,0x00000000f4c80000,0x00000000f6e00000)
 ParOldGen       total 69632K, used 69189K [0x00000000c0000000, 0x00000000c4400000, 0x00000000eab00000)
  object space 69632K, 99% used [0x00000000c0000000,0x00000000c43916d0,0x00000000c4400000)
 Metaspace       used 26409K, capacity 26614K, committed 26880K, reserved 1073152K
  class space    used 3979K, capacity 4071K, committed 4096K, reserved 1048576K
}
Event: 7.952 GC heap before
{Heap before GC invocations=12 (full 3):
 PSYoungGen      total 137728K, used 13808K [0x00000000eab00000, 0x00000000f6e00000, 0x0000000100000000)
  eden space 123904K, 0% used [0x00000000eab00000,0x00000000eab00000,0x00000000f2400000)
  from space 13824K, 99% used [0x00000000f2400000,0x00000000f317c030,0x00000000f3180000)
  to   space 34304K, 0% used [0x00000000f4c80000,0x00000000f4c80000,0x00000000f6e00000)
 ParOldGen       total 69632K, used 69189K [0x00000000c0000000, 0x00000000c4400000, 0x00000000eab00000)
  object space 69632K, 99% used [0x00000000c0000000,0x00000000c43916d0,0x00000000c4400000)
 Metaspace       used 26409K, capacity 26614K, committed 26880K, reserved 1073152K
  class space    used 3979K, capacity 4071K, committed 4096K, reserved 1048576K
Event: 8.456 GC heap after
Heap after GC invocations=12 (full 3):
 PSYoungGen      total 137728K, used 8667K [0x00000000eab00000, 0x00000000f6e00000, 0x0000000100000000)
  eden space 123904K, 0% used [0x00000000eab00000,0x00000000eab00000,0x00000000f2400000)
  from space 13824K, 62% used [0x00000000f2400000,0x00000000f2c76e58,0x00000000f3180000)
  to   space 34304K, 0% used [0x00000000f4c80000,0x00000000f4c80000,0x00000000f6e00000)
 ParOldGen       total 130048K, used 69593K [0x00000000c0000000, 0x00000000c7f00000, 0x00000000eab00000)
  object space 130048K, 53% used [0x00000000c0000000,0x00000000c43f6550,0x00000000c7f00000)
 Metaspace       used 26409K, capacity 26614K, committed 26880K, reserved 1073152K
  class space    used 3979K, capacity 4071K, committed 4096K, reserved 1048576K
}
Event: 12.974 GC heap before
{Heap before GC invocations=13 (full 3):
 PSYoungGen      total 137728K, used 132571K [0x00000000eab00000, 0x00000000f6e00000, 0x0000000100000000)
  eden space 123904K, 100% used [0x00000000eab00000,0x00000000f2400000,0x00000000f2400000)
  from space 13824K, 62% used [0x00000000f2400000,0x00000000f2c76e58,0x00000000f3180000)
  to   space 34304K, 0% used [0x00000000f4c80000,0x00000000f4c80000,0x00000000f6e00000)
 ParOldGen       total 130048K, used 69593K [0x00000000c0000000, 0x00000000c7f00000, 0x00000000eab00000)
  object space 130048K, 53% used [0x00000000c0000000,0x00000000c43f6550,0x00000000c7f00000)
 Metaspace       used 37163K, capacity 37404K, committed 37760K, reserved 1081344K
  class space    used 5361K, capacity 5447K, committed 5504K, reserved 1048576K
Event: 13.088 GC heap after
Heap after GC invocations=13 (full 3):
 PSYoungGen      total 161280K, used 28240K [0x00000000eab00000, 0x00000000f8100000, 0x0000000100000000)
  eden space 126976K, 0% used [0x00000000eab00000,0x00000000eab00000,0x00000000f2700000)
  from space 34304K, 82% used [0x00000000f4c80000,0x00000000f68143a0,0x00000000f6e00000)
  to   space 38400K, 0% used [0x00000000f2700000,0x00000000f2700000,0x00000000f4c80000)
 ParOldGen       total 130048K, used 69593K [0x00000000c0000000, 0x00000000c7f00000, 0x00000000eab00000)
  object space 130048K, 53% used [0x00000000c0000000,0x00000000c43f6550,0x00000000c7f00000)
 Metaspace       used 37163K, capacity 37404K, committed 37760K, reserved 1081344K
  class space    used 5361K, capacity 5447K, committed 5504K, reserved 1048576K
}
Event: 17.722 GC heap before
{Heap before GC invocations=14 (full 3):
 PSYoungGen      total 161280K, used 155216K [0x00000000eab00000, 0x00000000f8100000, 0x0000000100000000)
  eden space 126976K, 100% used [0x00000000eab00000,0x00000000f2700000,0x00000000f2700000)
  from space 34304K, 82% used [0x00000000f4c80000,0x00000000f68143a0,0x00000000f6e00000)
  to   space 38400K, 0% used [0x00000000f2700000,0x00000000f2700000,0x00000000f4c80000)
 ParOldGen       total 130048K, used 69593K [0x00000000c0000000, 0x00000000c7f00000, 0x00000000eab00000)
  object space 130048K, 53% used [0x00000000c0000000,0x00000000c43f6550,0x00000000c7f00000)
 Metaspace       used 42148K, capacity 42388K, committed 42880K, reserved 1085440K
  class space    used 6176K, capacity 6254K, committed 6272K, reserved 1048576K
Event: 17.824 GC heap after
Heap after GC invocations=14 (full 3):
 PSYoungGen      total 165376K, used 38389K [0x00000000eab00000, 0x00000000f9000000, 0x0000000100000000)
  eden space 126976K, 0% used [0x00000000eab00000,0x00000000eab00000,0x00000000f2700000)
  from space 38400K, 99% used [0x00000000f2700000,0x00000000f4c7d7a8,0x00000000f4c80000)
  to   space 45568K, 0% used [0x00000000f6380000,0x00000000f6380000,0x00000000f9000000)
 ParOldGen       total 130048K, used 70573K [0x00000000c0000000, 0x00000000c7f00000, 0x00000000eab00000)
  object space 130048K, 54% used [0x00000000c0000000,0x00000000c44eb430,0x00000000c7f00000)
 Metaspace       used 42148K, capacity 42388K, committed 42880K, reserved 1085440K
  class space    used 6176K, capacity 6254K, committed 6272K, reserved 1048576K
}
Event: 19.740 GC heap before
{Heap before GC invocations=15 (full 3):
 PSYoungGen      total 165376K, used 86227K [0x00000000eab00000, 0x00000000f9000000, 0x0000000100000000)
  eden space 126976K, 37% used [0x00000000eab00000,0x00000000ed9b7828,0x00000000f2700000)
  from space 38400K, 99% used [0x00000000f2700000,0x00000000f4c7d7a8,0x00000000f4c80000)
  to   space 45568K, 0% used [0x00000000f6380000,0x00000000f6380000,0x00000000f9000000)
 ParOldGen       total 130048K, used 70573K [0x00000000c0000000, 0x00000000c7f00000, 0x00000000eab00000)
  object space 130048K, 54% used [0x00000000c0000000,0x00000000c44eb430,0x00000000c7f00000)
 Metaspace       used 44280K, capacity 44484K, committed 44800K, reserved 1087488K
  class space    used 6514K, capacity 6610K, committed 6656K, reserved 1048576K
Event: 19.870 GC heap after
Heap after GC invocations=15 (full 3):
 PSYoungGen      total 189440K, used 21019K [0x00000000eab00000, 0x00000000f8f80000, 0x0000000100000000)
  eden space 144384K, 0% used [0x00000000eab00000,0x00000000eab00000,0x00000000f3800000)
  from space 45056K, 46% used [0x00000000f6380000,0x00000000f7806dc0,0x00000000f8f80000)
  to   space 44544K, 0% used [0x00000000f3800000,0x00000000f3800000,0x00000000f6380000)
 ParOldGen       total 130048K, used 89122K [0x00000000c0000000, 0x00000000c7f00000, 0x00000000eab00000)
  object space 130048K, 68% used [0x00000000c0000000,0x00000000c57089b0,0x00000000c7f00000)
 Metaspace       used 44280K, capacity 44484K, committed 44800K, reserved 1087488K
  class space    used 6514K, capacity 6610K, committed 6656K, reserved 1048576K
}
Event: 19.871 GC heap before
{Heap before GC invocations=16 (full 4):
 PSYoungGen      total 189440K, used 21019K [0x00000000eab00000, 0x00000000f8f80000, 0x0000000100000000)
  eden space 144384K, 0% used [0x00000000eab00000,0x00000000eab00000,0x00000000f3800000)
  from space 45056K, 46% used [0x00000000f6380000,0x00000000f7806dc0,0x00000000f8f80000)
  to   space 44544K, 0% used [0x00000000f3800000,0x00000000f3800000,0x00000000f6380000)
 ParOldGen       total 130048K, used 89122K [0x00000000c0000000, 0x00000000c7f00000, 0x00000000eab00000)
  object space 130048K, 68% used [0x00000000c0000000,0x00000000c57089b0,0x00000000c7f00000)
 Metaspace       used 44280K, capacity 44484K, committed 44800K, reserved 1087488K
  class space    used 6514K, capacity 6610K, committed 6656K, reserved 1048576K

